2014-12-10 18:20:03,403 - [INFO] - from play in pool-7-thread-8 
Listening for HTTP on /0:0:0:0:0:0:0:0:9000

2014-12-10 18:20:16,262 - [INFO] - from play in play-internal-execution-context-1 
datasource [jdbc:h2:mem:play] bound to JNDI as DefaultDS

2014-12-10 18:20:16,599 - [INFO] - from play in play-internal-execution-context-1 
database [default] connected at jdbc:h2:mem:play

2014-12-10 18:20:19,352 - [INFO] - from application in play-internal-execution-context-1 
Aplicação inicializada...

2014-12-10 18:20:19,588 - [INFO] - from play in play-internal-execution-context-1 
Application started (Dev)

2014-12-10 18:24:24,705 - [INFO] - from application in play-internal-execution-context-2 
Aplicação finalizada...

2014-12-10 18:24:25,178 - [INFO] - from play in play-internal-execution-context-2 
datasource [jdbc:h2:mem:play] bound to JNDI as DefaultDS

2014-12-10 18:24:25,199 - [INFO] - from play in play-internal-execution-context-2 
database [default] connected at jdbc:h2:mem:play

2014-12-10 18:24:25,577 - [INFO] - from application in play-internal-execution-context-2 
Aplicação inicializada...

2014-12-10 18:24:25,604 - [INFO] - from play in play-internal-execution-context-2 
Application started (Dev)

